<?xml version="1.0" encoding="UTF-8"?>
<testsuite xmlns:xsi="http://www.w3.org/2001/XMLSchema-instance" xsi:noNamespaceSchemaLocation="https://maven.apache.org/surefire/maven-surefire-plugin/xsd/surefire-test-report-3.0.xsd" version="3.0" name="org.emp.gl.core.launcher.AppTest" time="0.057" tests="8" errors="0" skipped="0" failures="0">
  <properties>
[...]
</properties>
  <testcase name="testCreationHorloge" classname="org.emp.gl.core.launcher.AppTest" time="0.015">
    <system-out><![CDATA[Horloge Test initialized!
]]></system-out>
  </testcase>
  <testcase name="testCreationTimerService" classname="org.emp.gl.core.launcher.AppTest" time="0.0"/>
  <testcase name="shouldAnswerWithTrue" classname="org.emp.gl.core.launcher.AppTest" time="0.0"/>
  <testcase name="testPlusieursHorloges" classname="org.emp.gl.core.launcher.AppTest" time="0.002">
    <system-out><![CDATA[Horloge H1 initialized!
Horloge H2 initialized!
Horloge H3 initialized!
H1 affiche 09:02:38
H2 affiche 09:02:38
H3 affiche 09:02:38
]]></system-out>
  </testcase>
  <testcase name="testChangementService" classname="org.emp.gl.core.launcher.AppTest" time="0.001">
    <system-out><![CDATA[Horloge Test initialized!
Test affiche 09:02:38
]]></system-out>
  </testcase>
  <testcase name="testTimerServiceGetters" classname="org.emp.gl.core.launcher.AppTest" time="0.0"/>
  <testcase name="testAffichageSansService" classname="org.emp.gl.core.launcher.AppTest" time="0.001">
    <system-out><![CDATA[Horloge Test initialized!
Test : Service de temps non disponible
]]></system-out>
  </testcase>
  <testcase name="testConnexionHorlogeService" classname="org.emp.gl.core.launcher.AppTest" time="0.001">
    <system-out><![CDATA[Horloge Test initialized!
Test affiche 09:02:38
]]></system-out>
  </testcase>
</testsuite>